<?xml version="1.0" encoding="UTF-8"?>
<testsuite xmlns:xsi="http://www.w3.org/2001/XMLSchema-instance" xsi:noNamespaceSchemaLocation="https://maven.apache.org/surefire/maven-surefire-plugin/xsd/surefire-test-report.xsd" name="com.poo.biblioteca.AppTest" time="0.045" tests="1" errors="0" skipped="0" failures="0">
  <properties>
    <property name="sun.desktop" value="windows"/>
    <property name="awt.toolkit" value="sun.awt.windows.WToolkit"/>
    <property name="file.encoding.pkg" value="sun.io"/>
    <property name="java.specification.version" value="1.8"/>
    <property name="sun.cpu.isalist" value="amd64"/>
    <property name="sun.jnu.encoding" value="Cp1252"/>
    <property name="java.class.path" value="C:\Users\Matheus Borges\Desktop\FACUL\PROJETOPOO\biblioteca\target\test-classes;C:\Users\Matheus Borges\Desktop\FACUL\PROJETOPOO\biblioteca\target\classes;C:\Users\Matheus Borges\.m2\junit\junit\4.11\junit-4.11.jar;C:\Users\Matheus Borges\.m2\org\hamcrest\hamcrest-core\1.3\hamcrest-core-1.3.jar;C:\Users\Matheus Borges\.m2\org\hibernate\orm\hibernate-core\6.1.2.Final\hibernate-core-6.1.2.Final.jar;C:\Users\Matheus Borges\.m2\jakarta\persistence\jakarta.persistence-api\3.0.0\jakarta.persistence-api-3.0.0.jar;C:\Users\Matheus Borges\.m2\jakarta\transaction\jakarta.transaction-api\2.0.0\jakarta.transaction-api-2.0.0.jar;C:\Users\Matheus Borges\.m2\org\jboss\logging\jboss-logging\3.4.3.Final\jboss-logging-3.4.3.Final.jar;C:\Users\Matheus Borges\.m2\org\hibernate\common\hibernate-commons-annotations\6.0.2.Final\hibernate-commons-annotations-6.0.2.Final.jar;C:\Users\Matheus Borges\.m2\org\jboss\jandex\2.4.2.Final\jandex-2.4.2.Final.jar;C:\Users\Matheus Borges\.m2\com\fasterxml\classmate\1.5.1\classmate-1.5.1.jar;C:\Users\Matheus Borges\.m2\net\bytebuddy\byte-buddy\1.12.9\byte-buddy-1.12.9.jar;C:\Users\Matheus Borges\.m2\jakarta\xml\bind\jakarta.xml.bind-api\3.0.1\jakarta.xml.bind-api-3.0.1.jar;C:\Users\Matheus Borges\.m2\com\sun\activation\jakarta.activation\2.0.1\jakarta.activation-2.0.1.jar;C:\Users\Matheus Borges\.m2\org\glassfish\jaxb\jaxb-runtime\3.0.2\jaxb-runtime-3.0.2.jar;C:\Users\Matheus Borges\.m2\org\glassfish\jaxb\jaxb-core\3.0.2\jaxb-core-3.0.2.jar;C:\Users\Matheus Borges\.m2\org\glassfish\jaxb\txw2\3.0.2\txw2-3.0.2.jar;C:\Users\Matheus Borges\.m2\com\sun\istack\istack-commons-runtime\4.0.1\istack-commons-runtime-4.0.1.jar;C:\Users\Matheus Borges\.m2\jakarta\inject\jakarta.inject-api\2.0.0\jakarta.inject-api-2.0.0.jar;C:\Users\Matheus Borges\.m2\org\antlr\antlr4-runtime\4.10\antlr4-runtime-4.10.jar;C:\Users\Matheus Borges\.m2\org\postgresql\postgresql\42.5.0\postgresql-42.5.0.jar;C:\Users\Matheus Borges\.m2\org\checkerframework\checker-qual\3.5.0\checker-qual-3.5.0.jar;"/>
    <property name="java.vm.vendor" value="Oracle Corporation"/>
    <property name="sun.arch.data.model" value="64"/>
    <property name="user.variant" value=""/>
    <property name="java.vendor.url" value="http://java.oracle.com/"/>
    <property name="user.timezone" value="America/Sao_Paulo"/>
    <property name="java.vm.specification.version" value="1.8"/>
    <property name="os.name" value="Windows 10"/>
    <property name="user.country" value="BR"/>
    <property name="sun.java.launcher" value="SUN_STANDARD"/>
    <property name="sun.boot.library.path" value="C:\Program Files\Java\jdk1.8.0_202\jre\bin"/>
    <property name="sun.java.command" value="C:\Users\MATHEU~1\AppData\Local\Temp\surefire7537183637682894831\surefirebooter4936421997017383535.jar C:\Users\Matheus Borges\AppData\Local\Temp\surefire7537183637682894831 2022-08-31T18-53-50_957-jvmRun1 surefire8401808609214152943tmp surefire_02168872870027898258tmp"/>
    <property name="surefire.test.class.path" value="C:\Users\Matheus Borges\Desktop\FACUL\PROJETOPOO\biblioteca\target\test-classes;C:\Users\Matheus Borges\Desktop\FACUL\PROJETOPOO\biblioteca\target\classes;C:\Users\Matheus Borges\.m2\junit\junit\4.11\junit-4.11.jar;C:\Users\Matheus Borges\.m2\org\hamcrest\hamcrest-core\1.3\hamcrest-core-1.3.jar;C:\Users\Matheus Borges\.m2\org\hibernate\orm\hibernate-core\6.1.2.Final\hibernate-core-6.1.2.Final.jar;C:\Users\Matheus Borges\.m2\jakarta\persistence\jakarta.persistence-api\3.0.0\jakarta.persistence-api-3.0.0.jar;C:\Users\Matheus Borges\.m2\jakarta\transaction\jakarta.transaction-api\2.0.0\jakarta.transaction-api-2.0.0.jar;C:\Users\Matheus Borges\.m2\org\jboss\logging\jboss-logging\3.4.3.Final\jboss-logging-3.4.3.Final.jar;C:\Users\Matheus Borges\.m2\org\hibernate\common\hibernate-commons-annotations\6.0.2.Final\hibernate-commons-annotations-6.0.2.Final.jar;C:\Users\Matheus Borges\.m2\org\jboss\jandex\2.4.2.Final\jandex-2.4.2.Final.jar;C:\Users\Matheus Borges\.m2\com\fasterxml\classmate\1.5.1\classmate-1.5.1.jar;C:\Users\Matheus Borges\.m2\net\bytebuddy\byte-buddy\1.12.9\byte-buddy-1.12.9.jar;C:\Users\Matheus Borges\.m2\jakarta\xml\bind\jakarta.xml.bind-api\3.0.1\jakarta.xml.bind-api-3.0.1.jar;C:\Users\Matheus Borges\.m2\com\sun\activation\jakarta.activation\2.0.1\jakarta.activation-2.0.1.jar;C:\Users\Matheus Borges\.m2\org\glassfish\jaxb\jaxb-runtime\3.0.2\jaxb-runtime-3.0.2.jar;C:\Users\Matheus Borges\.m2\org\glassfish\jaxb\jaxb-core\3.0.2\jaxb-core-3.0.2.jar;C:\Users\Matheus Borges\.m2\org\glassfish\jaxb\txw2\3.0.2\txw2-3.0.2.jar;C:\Users\Matheus Borges\.m2\com\sun\istack\istack-commons-runtime\4.0.1\istack-commons-runtime-4.0.1.jar;C:\Users\Matheus Borges\.m2\jakarta\inject\jakarta.inject-api\2.0.0\jakarta.inject-api-2.0.0.jar;C:\Users\Matheus Borges\.m2\org\antlr\antlr4-runtime\4.10\antlr4-runtime-4.10.jar;C:\Users\Matheus Borges\.m2\org\postgresql\postgresql\42.5.0\postgresql-42.5.0.jar;C:\Users\Matheus Borges\.m2\org\checkerframework\checker-qual\3.5.0\checker-qual-3.5.0.jar;"/>
    <property name="sun.cpu.endian" value="little"/>
    <property name="user.home" value="C:\Users\Matheus Borges"/>
    <property name="user.language" value="pt"/>
    <property name="java.specification.vendor" value="Oracle Corporation"/>
    <property name="java.home" value="C:\Program Files\Java\jdk1.8.0_202\jre"/>
    <property name="basedir" value="C:\Users\Matheus Borges\Desktop\FACUL\PROJETOPOO\biblioteca"/>
    <property name="file.separator" value="\"/>
    <property name="line.separator" value="&#10;"/>
    <property name="java.vm.specification.vendor" value="Oracle Corporation"/>
    <property name="java.specification.name" value="Java Platform API Specification"/>
    <property name="java.awt.graphicsenv" value="sun.awt.Win32GraphicsEnvironment"/>
    <property name="surefire.real.class.path" value="C:\Users\MATHEU~1\AppData\Local\Temp\surefire7537183637682894831\surefirebooter4936421997017383535.jar"/>
    <property name="sun.boot.class.path" value="C:\Program Files\Java\jdk1.8.0_202\jre\lib\resources.jar;C:\Program Files\Java\jdk1.8.0_202\jre\lib\rt.jar;C:\Program Files\Java\jdk1.8.0_202\jre\lib\sunrsasign.jar;C:\Program Files\Java\jdk1.8.0_202\jre\lib\jsse.jar;C:\Program Files\Java\jdk1.8.0_202\jre\lib\jce.jar;C:\Program Files\Java\jdk1.8.0_202\jre\lib\charsets.jar;C:\Program Files\Java\jdk1.8.0_202\jre\lib\jfr.jar;C:\Program Files\Java\jdk1.8.0_202\jre\classes"/>
    <property name="user.script" value=""/>
    <property name="sun.management.compiler" value="HotSpot 64-Bit Tiered Compilers"/>
    <property name="java.runtime.version" value="1.8.0_202-b08"/>
    <property name="user.name" value="Matheus Borges"/>
    <property name="path.separator" value=";"/>
    <property name="os.version" value="10.0"/>
    <property name="java.endorsed.dirs" value="C:\Program Files\Java\jdk1.8.0_202\jre\lib\endorsed"/>
    <property name="java.runtime.name" value="Java(TM) SE Runtime Environment"/>
    <property name="file.encoding" value="Cp1252"/>
    <property name="java.vm.name" value="Java HotSpot(TM) 64-Bit Server VM"/>
    <property name="localRepository" value="C:\Users\Matheus Borges\.m2"/>
    <property name="java.vendor.url.bug" value="http://bugreport.sun.com/bugreport/"/>
    <property name="java.io.tmpdir" value="C:\Users\MATHEU~1\AppData\Local\Temp\"/>
    <property name="java.version" value="1.8.0_202"/>
    <property name="user.dir" value="C:\Users\Matheus Borges\Desktop\FACUL\PROJETOPOO\biblioteca"/>
    <property name="os.arch" value="amd64"/>
    <property name="java.vm.specification.name" value="Java Virtual Machine Specification"/>
    <property name="java.awt.printerjob" value="sun.awt.windows.WPrinterJob"/>
    <property name="sun.os.patch.level" value=""/>
    <property name="java.library.path" value="C:\Program Files\Java\jdk1.8.0_202\jre\bin;C:\Windows\Sun\Java\bin;C:\Windows\system32;C:\Windows;C:\Program Files\PowerShell\7;C:\Program Files (x86)\Common Files\Oracle\Java\javapath;C:\Windows\system32;C:\Windows;C:\Windows\System32\Wbem;C:\Windows\System32\WindowsPowerShell\v1.0\;C:\Windows\System32\OpenSSH\;C:\Program Files\Git\cmd;C:\Program Files\nodejs\;C:\Program Files\TortoiseSVN\bin;C:\Program Files\Redis\;C:\Program Files\Docker\Docker\resources\bin;C:\ProgramData\DockerDesktop\version-bin;C:\Program Files\dotnet\;C:\Program Files\PowerShell\7\;C:\Users\Matheus Borges\AppData\Local\Microsoft\WindowsApps;C:\Users\Matheus Borges\AppData\Roaming\npm;C:\Program Files\apache-maven-3.8.4-bin\apache-maven-3.8.4\bin;;C:\Users\Matheus Borges\AppData\Local\Programs\Microsoft VS Code\bin;."/>
    <property name="java.vm.info" value="mixed mode"/>
    <property name="java.vendor" value="Oracle Corporation"/>
    <property name="java.vm.version" value="25.202-b08"/>
    <property name="java.ext.dirs" value="C:\Program Files\Java\jdk1.8.0_202\jre\lib\ext;C:\Windows\Sun\Java\lib\ext"/>
    <property name="sun.io.unicode.encoding" value="UnicodeLittle"/>
    <property name="java.class.version" value="52.0"/>
  </properties>
  <testcase name="shouldAnswerWithTrue" classname="com.poo.biblioteca.AppTest" time="0.002"/>
</testsuite>